INFO:root:The Q2 is being executed.
INFO:root:The Q2 is executed.
INFO:root:The Q2 is executed.
INFO:root:The Q2 is executed.
INFO:root:The Q2 is executed.
INFO:root:The Q2 is executed.
INFO:root:The Q2 is executed.
INFO:root:The Q2 is executed.
INFO:root:The Q2 is executed.
INFO:root:The Q2 is executed.
INFO:root:The Q2 is executed.
INFO:root:The Q2 is executed.
INFO:root:The Q2 is executed.
INFO:root:The Q2 is executed.
INFO:root:The Q2 is executed.
INFO:root:The Q2 is executed.
INFO:root:The Q2 is executed.
INFO:root:The Q2 is executed.
INFO:root:The Q2 is executed.
INFO:root:The Q2 is executed.
INFO:root:The Q2 is executed.
INFO:root:The Q2 is executed.
INFO:root:The Q2 is executed.
INFO:root:The Q2 is executed.
INFO:root:The Q2 is executed.
INFO:root:The Q2 is executed.
INFO:root:The Q2 is executed.
INFO:root:The Q2 is executed.
INFO:root:The Q2 is executed.
INFO:root:The Q2 is executed.
INFO:root:The Q2 is executed.
INFO:root:The Q2 is executed.
INFO:root:The Q2 is executed.
INFO:root:The Q2 is executed.
INFO:root:The Q2 is executed.
INFO:root:The Q2 is executed.
INFO:root:The Q2 is executed.
INFO:root:The Q2 is executed.
INFO:root:The Q2 is executed.
INFO:root:The Q2 is executed.
INFO:root:The Q2 is executed.
INFO:root:The Q2 is executed.
INFO:root:The Q2 is executed.
INFO:root:The Q2 is executed.
INFO:root:The Q2 is executed.
INFO:root:The Q2 is executed.
INFO:root:The Q2 is executed.
INFO:root:The Q2 is executed.
INFO:root:The Q2 is executed.
INFO:root:The Q2 is executed.
INFO:root:The Q2 is executed.
INFO:root:The Q2 is executed.
INFO:root:The Q2 is executed.
INFO:root:The Q2 is executed.
INFO:root:The Q2 is executed.
INFO:root:The Q2 is executed.
INFO:root:The Q2 is executed.
INFO:root:The Q2 is executed.
INFO:root:The Q2 is executed.
INFO:root:The Q2 is executed.
INFO:root:The Q2 is executed.
INFO:root:The Q2 is executed.
INFO:root:The Q2 is executed.
INFO:root:The Q2 is executed.
INFO:root:The Q2 is executed.
INFO:root:The Q2 is executed.
INFO:root:The Q2 is executed.
INFO:root:The Q2 is executed.
INFO:root:The Q2 is executed.
INFO:root:The Q2 is executed.
INFO:root:The Q2 is executed.
INFO:root:The Q2 is executed.
INFO:root:The Q2 is executed.
INFO:root:The Q2 is executed.
INFO:root:The Q2 is executed.
INFO:root:The Q2 is executed.
INFO:root:The Q2 is executed.
INFO:root:The Q2 is executed.
INFO:root:The Q2 is executed.
INFO:root:The Q2 is executed.
INFO:root:The Q2 is executed.
INFO:root:The Q2 is executed.
INFO:root:The Q2 is executed.
INFO:root:The Q2 is executed.
INFO:root:The Q2 is executed.
INFO:root:The Q2 is executed.
INFO:root:The Q2 is executed.
INFO:root:The Q2 is executed.
INFO:root:The Q2 is executed.
INFO:root:The Q2 is executed.
INFO:root:The Q2 is executed.
INFO:root:The Q2 is executed.
INFO:root:The Q2 is executed.
INFO:root:The Q2 is executed.
INFO:root:The Q2 is executed.
INFO:root:The Q2 is executed.
INFO:root:The Q2 is executed.
INFO:root:The Q2 is executed.
INFO:root:The Q2 is executed.
INFO:root:The Q2 is executed.
INFO:root:The Q2 is executed.
INFO:root:The Q2 is executed.
INFO:root:The Q2 is executed.
INFO:root:The Q2 is executed.
INFO:root:The Q2 is executed.
INFO:root:The Q2 is executed.
INFO:root:The Q2 is executed.
INFO:root:The Q2 is executed.
INFO:root:The Q2 is executed.
INFO:root:The Q2 is executed.
INFO:root:The Q2 is executed.
INFO:root:The Q2 is executed.
INFO:root:The Q2 is executed.
INFO:root:The Q2 is executed.
INFO:root:The Q2 is executed.
INFO:root:The Q2 is executed.
INFO:root:The Q2 is executed.
INFO:root:The Q2 is executed.
INFO:root:The Q2 is executed.
INFO:root:The Q2 is executed.
INFO:root:The Q2 is executed.
INFO:root:The Q2 is executed.
INFO:root:The Q2 is executed.
INFO:root:The Q2 is executed.
INFO:root:The Q2 is executed.
INFO:root:The Q2 is executed.
INFO:root:The Q2 is executed.
INFO:root:The Q2 is executed.
INFO:root:The Q2 is executed.
INFO:root:The Q2 is executed.
INFO:root:The Q2 is executed.
INFO:root:The Q2 is executed.
INFO:root:The Q2 is executed.
INFO:root:The Q2 is executed.
INFO:root:The Q2 is executed.
INFO:root:The Q2 is executed.
INFO:root:The Q2 is executed.
INFO:root:The Q2 is executed.
INFO:root:The Q2 is executed.
INFO:root:The Q2 is executed.
INFO:root:The Q2 is executed.
INFO:root:The Q2 is executed.
INFO:root:The Q2 is executed.
INFO:root:The Q2 is executed.
INFO:root:The Q2 is executed.
INFO:root:The Q2 is executed.
INFO:root:The Q2 is executed.
INFO:root:The Q2 is executed.
INFO:root:The Q2 is executed.
INFO:root:The Q2 is executed.
INFO:root:The Q2 is executed.
INFO:root:The Q2 is executed.
INFO:root:The Q2 is executed.
INFO:root:The Q2 is executed.
INFO:root:The Q2 is executed.
INFO:root:The Q2 is executed.
INFO:root:The Q2 is executed.
INFO:root:The Q2 is executed.
INFO:root:The Q2 is executed.
INFO:root:The Q2 is executed.
INFO:root:The Q2 is executed.
INFO:root:The Q2 is executed.
INFO:root:The Q2 is executed.
INFO:root:The Q2 is executed.
INFO:root:The Q2 is executed.
INFO:root:The Q2 is executed.
INFO:root:The Q2 is executed.
INFO:root:The Q2 is executed.
INFO:root:The Q2 is executed.
INFO:root:The Q2 is executed.
INFO:root:The Q2 is executed.
INFO:root:The Q2 is executed.
INFO:root:The Q2 is executed.
INFO:root:The Q2 is executed.
INFO:root:The Q2 is executed.
INFO:root:The Q2 is executed.
INFO:root:The Q2 is executed.
INFO:root:The Q2 is executed.
INFO:root:The Q2 is executed.
INFO:root:The Q2 is executed.
INFO:root:The Q2 is executed.
INFO:root:The Q2 is executed.
INFO:root:The Q2 is executed.
INFO:root:The Q2 is executed.
INFO:root:The Q2 is executed.
INFO:root:The Q2 is executed.
INFO:root:The Q2 is executed.
INFO:root:The Q2 is executed.
INFO:root:The Q2 is executed.
INFO:root:The Q2 is executed.
INFO:root:The Q2 is executed.
INFO:root:The Q2 is executed.
INFO:root:The Q2 is executed.
INFO:root:The Q2 is executed.
INFO:root:The Q2 is executed.
INFO:root:The Q2 is executed.
INFO:root:The Q2 is executed.
INFO:root:The Q2 is executed.
INFO:root:The Q2 is executed.
INFO:root:The Q2 is executed.
INFO:root:The Q2 is executed.
INFO:root:The Q2 is executed.
INFO:root:The Q2 is executed.
INFO:root:The Q2 is executed.
INFO:root:The Q2 is executed.
INFO:root:The Q2 is executed.
INFO:root:The Q2 is executed.
INFO:root:The Q2 is executed.
INFO:root:The Q2 is executed.
INFO:root:The Q2 is executed.
INFO:root:The Q2 is executed.
INFO:root:The Q2 is executed.
INFO:root:The Q2 is executed.
INFO:root:The Q2 is executed.
INFO:root:The Q2 is executed.
INFO:root:The Q2 is executed.
INFO:root:The Q2 is executed.
INFO:root:The Q2 is executed.
INFO:root:The Q2 is executed.
INFO:root:The Q2 is executed.
INFO:root:The Q2 is executed.
INFO:root:The Q2 is executed.
INFO:root:The Q2 is executed.
INFO:root:The Q2 is executed.
INFO:root:The Q2 is executed.
INFO:root:The Q2 is executed.
INFO:root:The Q2 is executed.
INFO:root:The Q2 is executed.
INFO:root:The Q2 is executed.
INFO:root:The Q2 is executed.
INFO:root:The Q2 is executed.
INFO:root:The Q2 is executed.
INFO:root:The Q2 is executed.
INFO:root:The Q2 is executed.
INFO:root:The Q2 is executed.
INFO:root:The Q2 is executed.
INFO:root:The Q2 is executed.
INFO:root:The Q2 is executed.
INFO:root:The Q2 is executed.
INFO:root:The Q2 is executed.
INFO:root:The Q2 is executed.
INFO:root:The Q2 is executed.
INFO:root:The Q2 is executed.
INFO:root:The Q2 is executed.
INFO:root:The Q2 is executed.
INFO:root:The Q2 is executed.
INFO:root:The Q2 is executed.
INFO:root:The Q2 is executed.
INFO:root:The Q2 is executed.
INFO:root:The Q2 is executed.
INFO:root:The Q2 is executed.
INFO:root:The Q2 is executed.
INFO:root:The Q2 is executed.
INFO:root:The Q2 is executed.
INFO:root:The Q2 is executed.
INFO:root:The Q2 is executed.
INFO:root:The Q2 is executed.
INFO:root:The Q2 is executed.
INFO:root:The Q2 is executed.
INFO:root:The Q2 is executed.
INFO:root:The Q2 is executed.
INFO:root:The Q2 is executed.
INFO:root:The Q2 is executed.
INFO:root:The Q2 is executed.
INFO:root:The Q2 is executed.
INFO:root:The Q2 is executed.
INFO:root:The Q2 is executed.
INFO:root:The Q2 is executed.
INFO:root:The Q2 is executed.
INFO:root:The Q2 is executed.
INFO:root:The Q2 is executed.
INFO:root:The Q2 is executed.
INFO:root:The Q2 is executed.
INFO:root:The Q2 is executed.
INFO:root:The Q2 is executed.
INFO:root:The Q2 is executed.
INFO:root:The Q2 is executed.
INFO:root:The Q2 is executed.
INFO:root:The Q2 is executed.
INFO:root:The Q2 is executed.
INFO:root:The Q2 is executed.
INFO:root:The Q2 is executed.
INFO:root:The Q2 is executed.
INFO:root:The Q2 is executed.
INFO:root:The Q2 is executed.
INFO:root:The Q2 is executed.
INFO:root:The Q2 is executed.
INFO:root:The Q2 is executed.
INFO:root:The Q2 is executed.
INFO:root:The Q2 is executed.
INFO:root:The Q2 is executed.
INFO:root:The Q2 is executed.
INFO:root:The Q2 is executed.
INFO:root:The Q2 is executed.
INFO:root:The Q2 is executed.
INFO:root:The Q2 is executed.
INFO:root:The Q2 is executed.
INFO:root:The Q2 is executed.
INFO:root:The Q2 is executed.
INFO:root:The Q2 is executed.
INFO:root:The Q2 is executed.
INFO:root:The Q2 is executed.
INFO:root:The Q2 is executed.
INFO:root:The Q2 is executed.
INFO:root:The Q2 is executed.
INFO:root:The Q2 is executed.
INFO:root:The Q2 is executed.
INFO:root:The Q2 is executed.
INFO:root:The Q2 is executed.
INFO:root:The Q2 is executed.
INFO:root:The Q2 is executed.
INFO:root:The Q2 is executed.
INFO:root:The Q2 is executed.
INFO:root:The Q2 is executed.
INFO:root:The Q2 is executed.
INFO:root:The Q2 is executed.
INFO:root:The Q2 is executed.
INFO:root:The Q2 is executed.
INFO:root:The Q2 is executed.
INFO:root:The Q2 is executed.
INFO:root:The Q2 is executed.
INFO:root:The Q2 is executed.
INFO:root:The Q2 is executed.
INFO:root:The Q2 is executed.
INFO:root:The Q2 is executed.
INFO:root:The Q2 is executed.
INFO:root:The Q2 is executed.
INFO:root:The Q2 is executed.
INFO:root:The Q2 is executed.
INFO:root:The Q2 is executed.
INFO:root:The Q2 is executed.
INFO:root:The Q2 is executed.
INFO:root:The Q2 is executed.
INFO:root:The Q2 is executed.
INFO:root:The Q2 is executed.
INFO:root:The Q2 is executed.
INFO:root:The Q2 is executed.
INFO:root:The Q2 is executed.
INFO:root:The Q2 is executed.
INFO:root:The Q2 is executed.
INFO:root:The Q2 is executed.
INFO:root:The Q2 is executed.
INFO:root:The Q2 is executed.
INFO:root:The Q2 is executed.
INFO:root:The Q2 is executed.
INFO:root:The Q2 is executed.
INFO:root:The Q2 is executed.
INFO:root:The Q2 is executed.
INFO:root:The Q2 is executed.
INFO:root:The Q2 is executed.
INFO:root:The Q2 is executed.
INFO:root:The Q2 is executed.
INFO:root:The Q2 is executed.
INFO:root:The Q2 is executed.
INFO:root:The Q2 is executed.
INFO:root:The Q2 is executed.
INFO:root:The Q2 is executed.
INFO:root:The Q2 is executed.
INFO:root:The Q2 is executed.
INFO:root:The Q2 is executed.
INFO:root:The Q2 is executed.
INFO:root:The Q2 is executed.
INFO:root:The Q2 is executed.
INFO:root:The Q2 is executed.
INFO:root:The Q2 is executed.
INFO:root:The Q2 is executed.
INFO:root:The Q2 is executed.
INFO:root:The Q2 is being executed.
INFO:root:The Q2 is executed.
INFO:root:The Q3 is being executed.
ERROR:root:There is a error : division by zero
INFO:root:The Q3(ZeroDivisionError) is being executed.
ERROR:root:There is a error : division by zero
INFO:root:The Q3(OverflowError) is being executed. 
ERROR:root:There is a error : math range error
INFO:root:The Q4(IndexError) is bieng executed.
ERROR:root:There is a error : list index out of range
INFO:root:The Q4(KeyError) is bieng executed.
ERROR:root:There is error : 'mobile_no'
INFO:root:The Q4(KeyError) is bieng executed.
ERROR:root:There is not any key named : 'mobile_no'
